2026-04-09 13:17:45,023 - INFO - Starting quote scraper...
2026-04-09 13:17:45,023 - INFO - Fetching: http://quotes.toscrape.com/page/1/ (attempt 1)
2026-04-09 13:17:45,469 - INFO - Parsed 10 quotes from page 1
2026-04-09 13:17:45,473 - INFO - Waiting 1.5 seconds before next request...
2026-04-09 13:17:46,974 - INFO - Fetching: http://quotes.toscrape.com/page/2/ (attempt 1)
2026-04-09 13:17:47,142 - INFO - Parsed 10 quotes from page 2
2026-04-09 13:17:47,147 - INFO - Waiting 1.5 seconds before next request...
2026-04-09 13:17:48,647 - INFO - Fetching: http://quotes.toscrape.com/page/3/ (attempt 1)
2026-04-09 13:17:48,781 - INFO - Parsed 10 quotes from page 3
2026-04-09 13:17:48,786 - INFO - Waiting 1.5 seconds before next request...
2026-04-09 13:17:50,286 - INFO - Fetching: http://quotes.toscrape.com/page/4/ (attempt 1)
2026-04-09 13:17:50,406 - INFO - Parsed 10 quotes from page 4
2026-04-09 13:17:50,410 - INFO - Waiting 1.5 seconds before next request...
2026-04-09 13:17:51,911 - INFO - Fetching: http://quotes.toscrape.com/page/5/ (attempt 1)
2026-04-09 13:17:52,027 - INFO - Parsed 10 quotes from page 5
2026-04-09 13:17:52,032 - INFO - Waiting 1.5 seconds before next request...
2026-04-09 13:17:53,533 - INFO - Fetching: http://quotes.toscrape.com/page/6/ (attempt 1)
2026-04-09 13:17:53,637 - INFO - Parsed 10 quotes from page 6
2026-04-09 13:17:53,642 - INFO - Waiting 1.5 seconds before next request...
2026-04-09 13:17:55,143 - INFO - Fetching: http://quotes.toscrape.com/page/7/ (attempt 1)
2026-04-09 13:17:55,335 - INFO - Parsed 10 quotes from page 7
2026-04-09 13:17:55,339 - INFO - Waiting 1.5 seconds before next request...
2026-04-09 13:17:56,839 - INFO - Fetching: http://quotes.toscrape.com/page/8/ (attempt 1)
2026-04-09 13:17:56,975 - INFO - Parsed 10 quotes from page 8
2026-04-09 13:17:56,980 - INFO - Waiting 1.5 seconds before next request...
2026-04-09 13:17:58,480 - INFO - Fetching: http://quotes.toscrape.com/page/9/ (attempt 1)
2026-04-09 13:17:58,607 - INFO - Parsed 10 quotes from page 9
2026-04-09 13:17:58,612 - INFO - Waiting 1.5 seconds before next request...
2026-04-09 13:18:00,112 - INFO - Fetching: http://quotes.toscrape.com/page/10/ (attempt 1)
2026-04-09 13:18:00,241 - INFO - Parsed 10 quotes from page 10
2026-04-09 13:18:00,245 - INFO - Finished scraping. Total quotes collected: 100
2026-04-09 13:18:00,248 - INFO - Saved scraped data to data\raw\quotes_raw.json
2026-04-09 13:18:00,248 - INFO - Scraping process completed successfully.
2026-04-09 14:17:51,718 - INFO - Starting quote scraper...
2026-04-09 14:17:51,718 - INFO - Fetching: http://quotes.toscrape.com/page/1/ (attempt 1)
2026-04-09 14:17:51,909 - INFO - Parsed 10 quotes from page 1
2026-04-09 14:17:51,914 - INFO - Waiting 1.5 seconds before next request...
2026-04-09 14:17:53,414 - INFO - Fetching: http://quotes.toscrape.com/page/2/ (attempt 1)
2026-04-09 14:17:53,564 - INFO - Parsed 10 quotes from page 2
2026-04-09 14:17:53,569 - INFO - Waiting 1.5 seconds before next request...
2026-04-09 14:17:55,069 - INFO - Fetching: http://quotes.toscrape.com/page/3/ (attempt 1)
2026-04-09 14:17:55,163 - INFO - Parsed 10 quotes from page 3
2026-04-09 14:17:55,167 - INFO - Waiting 1.5 seconds before next request...
2026-04-09 14:17:56,668 - INFO - Fetching: http://quotes.toscrape.com/page/4/ (attempt 1)
2026-04-09 14:17:56,818 - INFO - Parsed 10 quotes from page 4
2026-04-09 14:17:56,823 - INFO - Waiting 1.5 seconds before next request...
2026-04-09 14:17:58,323 - INFO - Fetching: http://quotes.toscrape.com/page/5/ (attempt 1)
2026-04-09 14:17:58,440 - INFO - Parsed 10 quotes from page 5
2026-04-09 14:17:58,446 - INFO - Waiting 1.5 seconds before next request...
2026-04-09 14:17:59,946 - INFO - Fetching: http://quotes.toscrape.com/page/6/ (attempt 1)
2026-04-09 14:18:00,079 - INFO - Parsed 10 quotes from page 6
2026-04-09 14:18:00,084 - INFO - Waiting 1.5 seconds before next request...
2026-04-09 14:18:01,584 - INFO - Fetching: http://quotes.toscrape.com/page/7/ (attempt 1)
2026-04-09 14:18:01,723 - INFO - Parsed 10 quotes from page 7
2026-04-09 14:18:01,727 - INFO - Waiting 1.5 seconds before next request...
2026-04-09 14:18:03,227 - INFO - Fetching: http://quotes.toscrape.com/page/8/ (attempt 1)
2026-04-09 14:18:03,524 - INFO - Parsed 10 quotes from page 8
2026-04-09 14:18:03,529 - INFO - Waiting 1.5 seconds before next request...
2026-04-09 14:18:05,029 - INFO - Fetching: http://quotes.toscrape.com/page/9/ (attempt 1)
2026-04-09 14:18:05,354 - INFO - Parsed 10 quotes from page 9
2026-04-09 14:18:05,359 - INFO - Waiting 1.5 seconds before next request...
2026-04-09 14:18:06,860 - INFO - Fetching: http://quotes.toscrape.com/page/10/ (attempt 1)
2026-04-09 14:18:07,018 - INFO - Parsed 10 quotes from page 10
2026-04-09 14:18:07,022 - INFO - Finished scraping. Total quotes collected: 100
2026-04-09 14:18:07,024 - INFO - Saved scraped data to data\raw\quotes_raw.json
2026-04-09 14:18:07,024 - INFO - Scraping process completed successfully.
2026-04-09 14:23:34,292 - INFO - Starting quote scraper...
2026-04-09 14:23:34,292 - INFO - Fetching: http://quotes.toscrape.com/page/1/ (attempt 1)
2026-04-09 14:23:34,446 - INFO - Parsed 10 quotes from page 1
2026-04-09 14:23:34,450 - INFO - Waiting 1.5 seconds before next request...
2026-04-09 14:23:35,951 - INFO - Fetching: http://quotes.toscrape.com/page/2/ (attempt 1)
2026-04-09 14:23:36,086 - INFO - Parsed 10 quotes from page 2
2026-04-09 14:23:36,091 - INFO - Waiting 1.5 seconds before next request...
2026-04-09 14:23:37,592 - INFO - Fetching: http://quotes.toscrape.com/page/3/ (attempt 1)
2026-04-09 14:23:37,740 - INFO - Parsed 10 quotes from page 3
2026-04-09 14:23:37,744 - INFO - Waiting 1.5 seconds before next request...
2026-04-09 14:23:39,245 - INFO - Fetching: http://quotes.toscrape.com/page/4/ (attempt 1)
2026-04-09 14:23:39,384 - INFO - Parsed 10 quotes from page 4
2026-04-09 14:23:39,389 - INFO - Waiting 1.5 seconds before next request...
2026-04-09 14:23:40,890 - INFO - Fetching: http://quotes.toscrape.com/page/5/ (attempt 1)
2026-04-09 14:23:41,015 - INFO - Parsed 10 quotes from page 5
2026-04-09 14:23:41,021 - INFO - Waiting 1.5 seconds before next request...
2026-04-09 14:23:42,522 - INFO - Fetching: http://quotes.toscrape.com/page/6/ (attempt 1)
2026-04-09 14:23:42,611 - INFO - Parsed 10 quotes from page 6
2026-04-09 14:23:42,615 - INFO - Waiting 1.5 seconds before next request...
2026-04-09 14:23:44,116 - INFO - Fetching: http://quotes.toscrape.com/page/7/ (attempt 1)
2026-04-09 14:23:44,266 - INFO - Parsed 10 quotes from page 7
2026-04-09 14:23:44,270 - INFO - Waiting 1.5 seconds before next request...
2026-04-09 14:23:45,771 - INFO - Fetching: http://quotes.toscrape.com/page/8/ (attempt 1)
2026-04-09 14:23:45,919 - INFO - Parsed 10 quotes from page 8
2026-04-09 14:23:45,923 - INFO - Waiting 1.5 seconds before next request...
2026-04-09 14:23:47,424 - INFO - Fetching: http://quotes.toscrape.com/page/9/ (attempt 1)
2026-04-09 14:23:47,562 - INFO - Parsed 10 quotes from page 9
2026-04-09 14:23:47,567 - INFO - Waiting 1.5 seconds before next request...
2026-04-09 14:23:49,068 - INFO - Fetching: http://quotes.toscrape.com/page/10/ (attempt 1)
2026-04-09 14:23:49,194 - INFO - Parsed 10 quotes from page 10
2026-04-09 14:23:49,199 - INFO - Finished scraping. Total quotes collected: 100
2026-04-09 14:23:49,201 - INFO - Saved scraped data to data\raw\quotes_raw.json
2026-04-09 14:23:49,201 - INFO - Scraping process completed successfully.
2026-04-09 15:02:32,368 - INFO - Starting quote scraper...
2026-04-09 15:02:32,369 - INFO - Fetching: http://quotes.toscrape.com/page/1/ (attempt 1)
2026-04-09 15:02:32,552 - INFO - Parsed 10 quotes from page 1
2026-04-09 15:02:32,557 - INFO - Waiting 1.5 seconds before next request...
2026-04-09 15:02:34,058 - INFO - Fetching: http://quotes.toscrape.com/page/2/ (attempt 1)
2026-04-09 15:02:34,193 - INFO - Parsed 10 quotes from page 2
2026-04-09 15:02:34,198 - INFO - Waiting 1.5 seconds before next request...
2026-04-09 15:02:35,698 - INFO - Fetching: http://quotes.toscrape.com/page/3/ (attempt 1)
2026-04-09 15:02:35,800 - INFO - Parsed 10 quotes from page 3
2026-04-09 15:02:35,804 - INFO - Waiting 1.5 seconds before next request...
2026-04-09 15:02:37,304 - INFO - Fetching: http://quotes.toscrape.com/page/4/ (attempt 1)
2026-04-09 15:02:37,406 - INFO - Parsed 10 quotes from page 4
2026-04-09 15:02:37,410 - INFO - Waiting 1.5 seconds before next request...
2026-04-09 15:02:38,911 - INFO - Fetching: http://quotes.toscrape.com/page/5/ (attempt 1)
2026-04-09 15:02:39,059 - INFO - Parsed 10 quotes from page 5
2026-04-09 15:02:39,064 - INFO - Waiting 1.5 seconds before next request...
2026-04-09 15:02:40,565 - INFO - Fetching: http://quotes.toscrape.com/page/6/ (attempt 1)
2026-04-09 15:02:40,659 - INFO - Parsed 10 quotes from page 6
2026-04-09 15:02:40,664 - INFO - Waiting 1.5 seconds before next request...
2026-04-09 15:02:42,164 - INFO - Fetching: http://quotes.toscrape.com/page/7/ (attempt 1)
2026-04-09 15:02:42,364 - INFO - Parsed 10 quotes from page 7
2026-04-09 15:02:42,368 - INFO - Waiting 1.5 seconds before next request...
2026-04-09 15:02:43,869 - INFO - Fetching: http://quotes.toscrape.com/page/8/ (attempt 1)
2026-04-09 15:02:44,021 - INFO - Parsed 10 quotes from page 8
2026-04-09 15:02:44,025 - INFO - Waiting 1.5 seconds before next request...
2026-04-09 15:02:45,526 - INFO - Fetching: http://quotes.toscrape.com/page/9/ (attempt 1)
2026-04-09 15:02:45,687 - INFO - Parsed 10 quotes from page 9
2026-04-09 15:02:45,691 - INFO - Waiting 1.5 seconds before next request...
2026-04-09 15:02:47,192 - INFO - Fetching: http://quotes.toscrape.com/page/10/ (attempt 1)
2026-04-09 15:02:47,376 - INFO - Parsed 10 quotes from page 10
2026-04-09 15:02:47,381 - INFO - Finished scraping. Total quotes collected: 100
2026-04-09 15:02:47,383 - INFO - Saved scraped data to data\raw\quotes_raw.json
2026-04-09 15:02:47,383 - INFO - Scraping process completed successfully.
2026-04-09 15:23:58,246 - INFO - Starting quote scraper...
2026-04-09 15:23:58,247 - INFO - Fetching: http://quotes.toscrape.com/page/1/ (attempt 1)
2026-04-09 15:23:58,456 - INFO - Parsed 10 quotes from page 1
2026-04-09 15:23:58,461 - INFO - Waiting 1.5 seconds before next request...
2026-04-09 15:23:59,961 - INFO - Fetching: http://quotes.toscrape.com/page/2/ (attempt 1)
2026-04-09 15:24:00,103 - INFO - Parsed 10 quotes from page 2
2026-04-09 15:24:00,108 - INFO - Waiting 1.5 seconds before next request...
2026-04-09 15:24:01,609 - INFO - Fetching: http://quotes.toscrape.com/page/3/ (attempt 1)
2026-04-09 15:24:01,806 - INFO - Parsed 10 quotes from page 3
2026-04-09 15:24:01,810 - INFO - Waiting 1.5 seconds before next request...
2026-04-09 15:24:03,310 - INFO - Fetching: http://quotes.toscrape.com/page/4/ (attempt 1)
2026-04-09 15:24:03,482 - INFO - Parsed 10 quotes from page 4
2026-04-09 15:24:03,486 - INFO - Waiting 1.5 seconds before next request...
2026-04-09 15:24:04,987 - INFO - Fetching: http://quotes.toscrape.com/page/5/ (attempt 1)
2026-04-09 15:24:05,140 - INFO - Parsed 10 quotes from page 5
2026-04-09 15:24:05,145 - INFO - Waiting 1.5 seconds before next request...
2026-04-09 15:24:06,646 - INFO - Fetching: http://quotes.toscrape.com/page/6/ (attempt 1)
2026-04-09 15:24:06,754 - INFO - Parsed 10 quotes from page 6
2026-04-09 15:24:06,758 - INFO - Waiting 1.5 seconds before next request...
2026-04-09 15:24:08,259 - INFO - Fetching: http://quotes.toscrape.com/page/7/ (attempt 1)
2026-04-09 15:24:08,397 - INFO - Parsed 10 quotes from page 7
2026-04-09 15:24:08,401 - INFO - Waiting 1.5 seconds before next request...
2026-04-09 15:24:09,902 - INFO - Fetching: http://quotes.toscrape.com/page/8/ (attempt 1)
2026-04-09 15:24:10,029 - INFO - Parsed 10 quotes from page 8
2026-04-09 15:24:10,034 - INFO - Waiting 1.5 seconds before next request...
2026-04-09 15:24:11,535 - INFO - Fetching: http://quotes.toscrape.com/page/9/ (attempt 1)
2026-04-09 15:24:11,679 - INFO - Parsed 10 quotes from page 9
2026-04-09 15:24:11,683 - INFO - Waiting 1.5 seconds before next request...
2026-04-09 15:24:13,184 - INFO - Fetching: http://quotes.toscrape.com/page/10/ (attempt 1)
2026-04-09 15:24:13,308 - INFO - Parsed 10 quotes from page 10
2026-04-09 15:24:13,312 - INFO - Finished scraping. Total quotes collected: 100
2026-04-09 15:24:13,315 - INFO - Saved scraped data to data\raw\quotes_raw.json
2026-04-09 15:24:13,315 - INFO - Scraping process completed successfully.
2026-04-09 15:33:43,422 - INFO - Starting quote scraper...
2026-04-09 15:33:43,422 - INFO - Fetching: http://quotes.toscrape.com/page/1/ (attempt 1)
2026-04-09 15:33:43,590 - INFO - Parsed 10 quotes from page 1
2026-04-09 15:33:43,595 - INFO - Waiting 1.5 seconds before next request...
2026-04-09 15:33:45,095 - INFO - Fetching: http://quotes.toscrape.com/page/2/ (attempt 1)
2026-04-09 15:33:45,235 - INFO - Parsed 10 quotes from page 2
2026-04-09 15:33:45,240 - INFO - Waiting 1.5 seconds before next request...
2026-04-09 15:33:46,741 - INFO - Fetching: http://quotes.toscrape.com/page/3/ (attempt 1)
2026-04-09 15:33:46,835 - INFO - Parsed 10 quotes from page 3
2026-04-09 15:33:46,839 - INFO - Waiting 1.5 seconds before next request...
2026-04-09 15:33:48,340 - INFO - Fetching: http://quotes.toscrape.com/page/4/ (attempt 1)
2026-04-09 15:33:48,510 - INFO - Parsed 10 quotes from page 4
2026-04-09 15:33:48,514 - INFO - Waiting 1.5 seconds before next request...
2026-04-09 15:33:50,015 - INFO - Fetching: http://quotes.toscrape.com/page/5/ (attempt 1)
2026-04-09 15:33:50,141 - INFO - Parsed 10 quotes from page 5
2026-04-09 15:33:50,147 - INFO - Waiting 1.5 seconds before next request...
2026-04-09 15:33:51,648 - INFO - Fetching: http://quotes.toscrape.com/page/6/ (attempt 1)
2026-04-09 15:33:51,825 - INFO - Parsed 10 quotes from page 6
2026-04-09 15:33:51,829 - INFO - Waiting 1.5 seconds before next request...
2026-04-09 15:33:53,330 - INFO - Fetching: http://quotes.toscrape.com/page/7/ (attempt 1)
2026-04-09 15:33:53,510 - INFO - Parsed 10 quotes from page 7
2026-04-09 15:33:53,514 - INFO - Waiting 1.5 seconds before next request...
2026-04-09 15:33:55,015 - INFO - Fetching: http://quotes.toscrape.com/page/8/ (attempt 1)
2026-04-09 15:33:55,205 - INFO - Parsed 10 quotes from page 8
2026-04-09 15:33:55,210 - INFO - Waiting 1.5 seconds before next request...
2026-04-09 15:33:56,710 - INFO - Fetching: http://quotes.toscrape.com/page/9/ (attempt 1)
2026-04-09 15:33:56,841 - INFO - Parsed 10 quotes from page 9
2026-04-09 15:33:56,846 - INFO - Waiting 1.5 seconds before next request...
2026-04-09 15:33:58,347 - INFO - Fetching: http://quotes.toscrape.com/page/10/ (attempt 1)
2026-04-09 15:33:58,529 - INFO - Parsed 10 quotes from page 10
2026-04-09 15:33:58,534 - INFO - Finished scraping. Total quotes collected: 100
2026-04-09 15:33:58,536 - INFO - Saved scraped data to data\raw\quotes_raw.json
2026-04-09 15:33:58,536 - INFO - Scraping process completed successfully.
